c:\users\dread\desktop\collegestuff\dread's projects\genericrpg\genericrpg\debug\vc141.pdb
c:\users\dread\desktop\collegestuff\dread's projects\genericrpg\genericrpg\debug\vc141.idb
c:\users\dread\desktop\collegestuff\dread's projects\genericrpg\genericrpg\debug\spell.obj
c:\users\dread\desktop\collegestuff\dread's projects\genericrpg\genericrpg\debug\main.obj
c:\users\dread\desktop\collegestuff\dread's projects\genericrpg\genericrpg\debug\damagespell.obj
c:\users\dread\desktop\collegestuff\dread's projects\genericrpg\genericrpg\debug\interface.obj
c:\users\dread\desktop\collegestuff\dread's projects\genericrpg\genericrpg\debug\game.obj
c:\users\dread\desktop\collegestuff\dread's projects\genericrpg\debug\genericrpg.ilk
c:\users\dread\desktop\collegestuff\dread's projects\genericrpg\debug\genericrpg.exe
c:\users\dread\desktop\collegestuff\dread's projects\genericrpg\debug\genericrpg.pdb
c:\users\dread\desktop\collegestuff\dread's projects\genericrpg\genericrpg\debug\fireball.obj
c:\users\dread\desktop\collegestuff\dread's projects\genericrpg\genericrpg\debug\firedamage.obj
c:\users\dread\desktop\collegestuff\dread's projects\genericrpg\genericrpg\debug\healingspell.obj
c:\users\dread\desktop\collegestuff\dread's projects\genericrpg\genericrpg\debug\lightningdamage.obj
c:\users\dread\desktop\collegestuff\dread's projects\genericrpg\genericrpg\debug\spelldamage.obj
c:\users\dread\desktop\collegestuff\dread's projects\genericrpg\genericrpg\debug\spelltype.obj
c:\users\dread\desktop\collegestuff\dread's projects\genericrpg\genericrpg\debug\genericrpg.tlog\cl.command.1.tlog
c:\users\dread\desktop\collegestuff\dread's projects\genericrpg\genericrpg\debug\genericrpg.tlog\cl.read.1.tlog
c:\users\dread\desktop\collegestuff\dread's projects\genericrpg\genericrpg\debug\genericrpg.tlog\cl.write.1.tlog
c:\users\dread\desktop\collegestuff\dread's projects\genericrpg\genericrpg\debug\genericrpg.tlog\link.command.1.tlog
c:\users\dread\desktop\collegestuff\dread's projects\genericrpg\genericrpg\debug\genericrpg.tlog\link.read.1.tlog
c:\users\dread\desktop\collegestuff\dread's projects\genericrpg\genericrpg\debug\genericrpg.tlog\link.write.1.tlog
